<?xml version="1.0" encoding="UTF-8"?>
<!-- Generated by org.testng.reporters.JUnitReportReporter -->
<testsuite skipped="0" hostname="LAPTOP-CHVA6T2O" name="com.spicejet.qa.testcases.DealsPageTest" tests="2" failures="0" timestamp="2021-03-26T21:44:01 IST" time="93.057" errors="0">
  <testcase name="getListOfMobiKwikOfferTest" time="44.022" classname="com.spicejet.qa.testcases.DealsPageTest"/>
  <system-out/>
  <testcase name="bookMobikwikOfferTest" time="49.035" classname="com.spicejet.qa.testcases.DealsPageTest"/>
  <system-out/>
</testsuite> <!-- com.spicejet.qa.testcases.DealsPageTest -->
