<?xml version="1.0" encoding="UTF-8"?>
<!-- Generated by org.testng.reporters.JUnitReportReporter -->
<testsuite skipped="0" hostname="LAPTOP-CHVA6T2O" name="com.spicejet.qa.testcases.LoginPageTest" tests="3" failures="0" timestamp="2021-03-26T21:44:01 IST" time="55.667" errors="0">
  <testcase name="loginPageTitleTest" time="14.884" classname="com.spicejet.qa.testcases.LoginPageTest"/>
  <system-out/>
  <testcase name="logoTest" time="12.484" classname="com.spicejet.qa.testcases.LoginPageTest"/>
  <system-out/>
  <testcase name="loginTest" time="28.299" classname="com.spicejet.qa.testcases.LoginPageTest"/>
  <system-out/>
</testsuite> <!-- com.spicejet.qa.testcases.LoginPageTest -->
