<?xml version="1.0" encoding="UTF-8"?>
<!-- Generated by org.testng.reporters.JUnitReportReporter -->
<testsuite skipped="0" hostname="LAPTOP-CHVA6T2O" name="com.spicejet.qa.testcases.SMProfilePageTest" tests="1" failures="0" timestamp="2021-03-26T21:44:01 IST" time="35.586" errors="0">
  <testcase name="verifyUserNameTest" time="35.586" classname="com.spicejet.qa.testcases.SMProfilePageTest"/>
  <system-out/>
</testsuite> <!-- com.spicejet.qa.testcases.SMProfilePageTest -->
